# JRE version: OpenJDK Runtime Environment (18.0.2+9) (build 18.0.2+9-61)
# Java VM: OpenJDK 64-Bit Server VM (18.0.2+9-61, mixed mode, emulated-client, sharing, tiered, compressed oops, compressed class ptrs, g1 gc, windows-amd64)
GC Precious Log:
 CardTable entry size: 512
 Card Set container configuration: InlinePtr #cards 5 size 8 Array Of Cards #cards 12 size 40 Howl #buckets 4 coarsen threshold 1843 Howl Bitmap #cards 512 size 80 coarsen threshold 460 Card regions per heap region 1 cards per card region 2048
 CPUs: 4 total, 4 available
 Memory: 8087M
 Large Page Support: Disabled
 NUMA Support: Disabled
 Compressed Oops: Enabled (32-bit)
 Heap Region Size: 1M
 Heap Min Capacity: 8M
 Heap Initial Capacity: 128M
 Heap Max Capacity: 2022M
 Pre-touch: Disabled
 Parallel Workers: 4
 Concurrent Workers: 1
 Concurrent Refinement Workers: 4
 Periodic GC: Disabled
Heap:
 garbage-first heap   total 154624K, used 128899K [0x0000000081a00000, 0x0000000100000000)
  region size 1024K, 68 young (69632K), 4 survivors (4096K)
 Metaspace       used 79096K, committed 80064K, reserved 1179648K
  class space    used 11091K, committed 11584K, reserved 1048576K
GC Heap History (20 events):
Event: 16.140 GC heap after
{Heap after GC invocations=21 (full 0):
 garbage-first heap   total 124928K, used 46316K [0x0000000081a00000, 0x0000000100000000)
  region size 1024K, 4 young (4096K), 4 survivors (4096K)
 Metaspace       used 59042K, committed 59584K, reserved 1114112K
  class space    used 8162K, committed 8448K, reserved 1048576K
}
Event: 16.620 GC heap before
{Heap before GC invocations=21 (full 0):
 garbage-first heap   total 124928K, used 102636K [0x0000000081a00000, 0x0000000100000000)
  region size 1024K, 59 young (60416K), 4 survivors (4096K)
 Metaspace       used 60304K, committed 60928K, reserved 1114112K
  class space    used 8352K, committed 8640K, reserved 1048576K
}
Event: 16.635 GC heap after
{Heap after GC invocations=22 (full 0):
 garbage-first heap   total 124928K, used 47992K [0x0000000081a00000, 0x0000000100000000)
  region size 1024K, 6 young (6144K), 6 survivors (6144K)
 Metaspace       used 60304K, committed 60928K, reserved 1114112K
  class space    used 8352K, committed 8640K, reserved 1048576K
}
Event: 16.936 GC heap before
{Heap before GC invocations=22 (full 0):
 garbage-first heap   total 124928K, used 102264K [0x0000000081a00000, 0x0000000100000000)
  region size 1024K, 59 young (60416K), 6 survivors (6144K)
 Metaspace       used 60474K, committed 61056K, reserved 1114112K
  class space    used 8368K, committed 8640K, reserved 1048576K
}
Event: 16.947 GC heap after
{Heap after GC invocations=23 (full 0):
 garbage-first heap   total 124928K, used 49481K [0x0000000081a00000, 0x0000000100000000)
  region size 1024K, 6 young (6144K), 6 survivors (6144K)
 Metaspace       used 60474K, committed 61056K, reserved 1114112K
  class space    used 8368K, committed 8640K, reserved 1048576K
}
Event: 17.026 GC heap before
{Heap before GC invocations=23 (full 0):
 garbage-first heap   total 124928K, used 62793K [0x0000000081a00000, 0x0000000100000000)
  region size 1024K, 20 young (20480K), 6 survivors (6144K)
 Metaspace       used 60537K, committed 61120K, reserved 1114112K
  class space    used 8374K, committed 8640K, reserved 1048576K
}
Event: 17.035 GC heap after
{Heap after GC invocations=24 (full 0):
 garbage-first heap   total 154624K, used 50053K [0x0000000081a00000, 0x0000000100000000)
  region size 1024K, 5 young (5120K), 5 survivors (5120K)
 Metaspace       used 60537K, committed 61120K, reserved 1114112K
  class space    used 8374K, committed 8640K, reserved 1048576K
}
Event: 18.185 GC heap before
{Heap before GC invocations=25 (full 0):
 garbage-first heap   total 154624K, used 128901K [0x0000000081a00000, 0x0000000100000000)
  region size 1024K, 82 young (83968K), 5 survivors (5120K)
 Metaspace       used 64047K, committed 64704K, reserved 1114112K
  class space    used 8916K, committed 9216K, reserved 1048576K
}
Event: 18.200 GC heap after
{Heap after GC invocations=26 (full 0):
 garbage-first heap   total 154624K, used 54440K [0x0000000081a00000, 0x0000000100000000)
  region size 1024K, 9 young (9216K), 9 survivors (9216K)
 Metaspace       used 64047K, committed 64704K, reserved 1114112K
  class space    used 8916K, committed 9216K, reserved 1048576K
}
Event: 18.217 GC heap before
{Heap before GC invocations=26 (full 0):
 garbage-first heap   total 154624K, used 55464K [0x0000000081a00000, 0x0000000100000000)
  region size 1024K, 10 young (10240K), 9 survivors (9216K)
 Metaspace       used 64053K, committed 64704K, reserved 1114112K
  class space    used 8918K, committed 9216K, reserved 1048576K
}
Event: 18.232 GC heap after
{Heap after GC invocations=27 (full 0):
 garbage-first heap   total 154624K, used 54152K [0x0000000081a00000, 0x0000000100000000)
  region size 1024K, 2 young (2048K), 2 survivors (2048K)
 Metaspace       used 64053K, committed 64704K, reserved 1114112K
  class space    used 8918K, committed 9216K, reserved 1048576K
}
Event: 109.059 GC heap before
{Heap before GC invocations=27 (full 0):
 garbage-first heap   total 154624K, used 125832K [0x0000000081a00000, 0x0000000100000000)
  region size 1024K, 73 young (74752K), 2 survivors (2048K)
 Metaspace       used 69848K, committed 70592K, reserved 1114112K
  class space    used 9714K, committed 10112K, reserved 1048576K
}
Event: 109.070 GC heap after
{Heap after GC invocations=28 (full 0):
 garbage-first heap   total 154624K, used 58254K [0x0000000081a00000, 0x0000000100000000)
  region size 1024K, 6 young (6144K), 6 survivors (6144K)
 Metaspace       used 69848K, committed 70592K, reserved 1114112K
  class space    used 9714K, committed 10112K, reserved 1048576K
}
Event: 125.887 GC heap before
{Heap before GC invocations=28 (full 0):
 garbage-first heap   total 154624K, used 124814K [0x0000000081a00000, 0x0000000100000000)
  region size 1024K, 72 young (73728K), 6 survivors (6144K)
 Metaspace       used 74718K, committed 75584K, reserved 1114112K
  class space    used 10341K, committed 10752K, reserved 1048576K
}
Event: 125.901 GC heap after
{Heap after GC invocations=29 (full 0):
 garbage-first heap   total 154624K, used 61219K [0x0000000081a00000, 0x0000000100000000)
  region size 1024K, 3 young (3072K), 3 survivors (3072K)
 Metaspace       used 74718K, committed 75584K, reserved 1114112K
  class space    used 10341K, committed 10752K, reserved 1048576K
}
Event: 370.259 GC heap before
{Heap before GC invocations=29 (full 0):
 garbage-first heap   total 154624K, used 125731K [0x0000000081a00000, 0x0000000100000000)
  region size 1024K, 67 young (68608K), 3 survivors (3072K)
 Metaspace       used 75168K, committed 76032K, reserved 1114112K
  class space    used 10403K, committed 10816K, reserved 1048576K
}
Event: 370.265 GC heap after
{Heap after GC invocations=30 (full 0):
 garbage-first heap   total 154624K, used 62087K [0x0000000081a00000, 0x0000000100000000)
  region size 1024K, 4 young (4096K), 4 survivors (4096K)
 Metaspace       used 75168K, committed 76032K, reserved 1114112K
  class space    used 10403K, committed 10816K, reserved 1048576K
}
Event: 764.538 GC heap before
{Heap before GC invocations=30 (full 0):
 garbage-first heap   total 154624K, used 127623K [0x0000000081a00000, 0x0000000100000000)
  region size 1024K, 68 young (69632K), 4 survivors (4096K)
 Metaspace       used 78947K, committed 79872K, reserved 1179648K
  class space    used 11059K, committed 11520K, reserved 1048576K
}
Event: 764.550 GC heap after
{Heap after GC invocations=31 (full 0):
 garbage-first heap   total 154624K, used 63363K [0x0000000081a00000, 0x0000000100000000)
  region size 1024K, 5 young (5120K), 5 survivors (5120K)
 Metaspace       used 78947K, committed 79872K, reserved 1179648K
  class space    used 11059K, committed 11520K, reserved 1048576K
}
Event: 2156.976 GC heap before
{Heap before GC invocations=31 (full 0):
 garbage-first heap   total 154624K, used 128899K [0x0000000081a00000, 0x0000000100000000)
  region size 1024K, 69 young (70656K), 5 survivors (5120K)
 Metaspace       used 79096K, committed 80064K, reserved 1179648K
  class space    used 11091K, committed 11584K, reserved 1048576K
}

