# JRE version: OpenJDK Runtime Environment (18.0.2+9) (build 18.0.2+9-61)
# Java VM: OpenJDK 64-Bit Server VM (18.0.2+9-61, mixed mode, emulated-client, sharing, tiered, compressed oops, compressed class ptrs, g1 gc, windows-amd64)
GC Precious Log:
 CardTable entry size: 512
 Card Set container configuration: InlinePtr #cards 5 size 8 Array Of Cards #cards 12 size 40 Howl #buckets 4 coarsen threshold 1843 Howl Bitmap #cards 512 size 80 coarsen threshold 460 Card regions per heap region 1 cards per card region 2048
 CPUs: 4 total, 4 available
 Memory: 8087M
 Large Page Support: Disabled
 NUMA Support: Disabled
 Compressed Oops: Enabled (32-bit)
 Heap Region Size: 1M
 Heap Min Capacity: 8M
 Heap Initial Capacity: 128M
 Heap Max Capacity: 2022M
 Pre-touch: Disabled
 Parallel Workers: 4
 Concurrent Workers: 1
 Concurrent Refinement Workers: 4
 Periodic GC: Disabled
Heap:
 garbage-first heap   total 120832K, used 68011K [0x0000000081a00000, 0x0000000100000000)
  region size 1024K, 4 young (4096K), 3 survivors (3072K)
 Metaspace       used 74655K, committed 75520K, reserved 1179648K
  class space    used 10401K, committed 10816K, reserved 1048576K
GC Heap History (20 events):
Event: 18.150 GC heap before
{Heap before GC invocations=19 (full 0):
 garbage-first heap   total 120832K, used 99181K [0x0000000081a00000, 0x0000000100000000)
  region size 1024K, 60 young (61440K), 3 survivors (3072K)
 Metaspace       used 58345K, committed 59008K, reserved 1114112K
  class space    used 8055K, committed 8384K, reserved 1048576K
}
Event: 18.161 GC heap after
{Heap after GC invocations=20 (full 0):
 garbage-first heap   total 120832K, used 44675K [0x0000000081a00000, 0x0000000100000000)
  region size 1024K, 7 young (7168K), 7 survivors (7168K)
 Metaspace       used 58345K, committed 59008K, reserved 1114112K
  class space    used 8055K, committed 8384K, reserved 1048576K
}
Event: 19.173 GC heap before
{Heap before GC invocations=20 (full 0):
 garbage-first heap   total 120832K, used 82563K [0x0000000081a00000, 0x0000000100000000)
  region size 1024K, 45 young (46080K), 7 survivors (7168K)
 Metaspace       used 60488K, committed 61120K, reserved 1114112K
  class space    used 8411K, committed 8704K, reserved 1048576K
}
Event: 19.196 GC heap after
{Heap after GC invocations=21 (full 0):
 garbage-first heap   total 120832K, used 47481K [0x0000000081a00000, 0x0000000100000000)
  region size 1024K, 7 young (7168K), 7 survivors (7168K)
 Metaspace       used 60488K, committed 61120K, reserved 1114112K
  class space    used 8411K, committed 8704K, reserved 1048576K
}
Event: 2276.432 GC heap before
{Heap before GC invocations=22 (full 0):
 garbage-first heap   total 120832K, used 97657K [0x0000000081a00000, 0x0000000100000000)
  region size 1024K, 57 young (58368K), 7 survivors (7168K)
 Metaspace       used 66059K, committed 66752K, reserved 1114112K
  class space    used 9161K, committed 9472K, reserved 1048576K
}
Event: 2276.473 GC heap after
{Heap after GC invocations=23 (full 0):
 garbage-first heap   total 120832K, used 51696K [0x0000000081a00000, 0x0000000100000000)
  region size 1024K, 8 young (8192K), 8 survivors (8192K)
 Metaspace       used 66059K, committed 66752K, reserved 1114112K
  class space    used 9161K, committed 9472K, reserved 1048576K
}
Event: 2280.358 GC heap before
{Heap before GC invocations=23 (full 0):
 garbage-first heap   total 120832K, used 52720K [0x0000000081a00000, 0x0000000100000000)
  region size 1024K, 9 young (9216K), 8 survivors (8192K)
 Metaspace       used 66063K, committed 66752K, reserved 1114112K
  class space    used 9162K, committed 9472K, reserved 1048576K
}
Event: 2280.370 GC heap after
{Heap after GC invocations=24 (full 0):
 garbage-first heap   total 120832K, used 51911K [0x0000000081a00000, 0x0000000100000000)
  region size 1024K, 1 young (1024K), 1 survivors (1024K)
 Metaspace       used 66063K, committed 66752K, reserved 1114112K
  class space    used 9162K, committed 9472K, reserved 1048576K
}
Event: 2669.806 GC heap before
{Heap before GC invocations=24 (full 0):
 garbage-first heap   total 120832K, used 97991K [0x0000000081a00000, 0x0000000100000000)
  region size 1024K, 47 young (48128K), 1 survivors (1024K)
 Metaspace       used 72810K, committed 73600K, reserved 1114112K
  class space    used 10039K, committed 10432K, reserved 1048576K
}
Event: 2669.814 GC heap after
{Heap after GC invocations=25 (full 0):
 garbage-first heap   total 120832K, used 54569K [0x0000000081a00000, 0x0000000100000000)
  region size 1024K, 4 young (4096K), 4 survivors (4096K)
 Metaspace       used 72810K, committed 73600K, reserved 1114112K
  class space    used 10039K, committed 10432K, reserved 1048576K
}
Event: 2727.362 GC heap before
{Heap before GC invocations=25 (full 0):
 garbage-first heap   total 120832K, used 98601K [0x0000000081a00000, 0x0000000100000000)
  region size 1024K, 47 young (48128K), 4 survivors (4096K)
 Metaspace       used 74192K, committed 75072K, reserved 1114112K
  class space    used 10316K, committed 10752K, reserved 1048576K
}
Event: 2727.368 GC heap after
{Heap after GC invocations=26 (full 0):
 garbage-first heap   total 120832K, used 55435K [0x0000000081a00000, 0x0000000100000000)
  region size 1024K, 2 young (2048K), 2 survivors (2048K)
 Metaspace       used 74192K, committed 75072K, reserved 1114112K
  class space    used 10316K, committed 10752K, reserved 1048576K
}
Event: 6319.679 GC heap before
{Heap before GC invocations=26 (full 0):
 garbage-first heap   total 120832K, used 99467K [0x0000000081a00000, 0x0000000100000000)
  region size 1024K, 45 young (46080K), 2 survivors (2048K)
 Metaspace       used 74205K, committed 75072K, reserved 1114112K
  class space    used 10319K, committed 10752K, reserved 1048576K
}
Event: 6319.697 GC heap after
{Heap after GC invocations=27 (full 0):
 garbage-first heap   total 120832K, used 56711K [0x0000000081a00000, 0x0000000100000000)
  region size 1024K, 3 young (3072K), 3 survivors (3072K)
 Metaspace       used 74205K, committed 75072K, reserved 1114112K
  class space    used 10319K, committed 10752K, reserved 1048576K
}
Event: 6386.507 GC heap before
{Heap before GC invocations=27 (full 0):
 garbage-first heap   total 120832K, used 100743K [0x0000000081a00000, 0x0000000100000000)
  region size 1024K, 46 young (47104K), 3 survivors (3072K)
 Metaspace       used 74386K, committed 75328K, reserved 1114112K
  class space    used 10361K, committed 10816K, reserved 1048576K
}
Event: 6386.513 GC heap after
{Heap after GC invocations=28 (full 0):
 garbage-first heap   total 120832K, used 56795K [0x0000000081a00000, 0x0000000100000000)
  region size 1024K, 3 young (3072K), 3 survivors (3072K)
 Metaspace       used 74386K, committed 75328K, reserved 1114112K
  class space    used 10361K, committed 10816K, reserved 1048576K
}
Event: 6692.314 GC heap before
{Heap before GC invocations=28 (full 0):
 garbage-first heap   total 120832K, used 90587K [0x0000000081a00000, 0x0000000100000000)
  region size 1024K, 38 young (38912K), 3 survivors (3072K)
 Metaspace       used 74610K, committed 75456K, reserved 1114112K
  class space    used 10396K, committed 10816K, reserved 1048576K
}
Event: 6692.322 GC heap after
{Heap after GC invocations=29 (full 0):
 garbage-first heap   total 120832K, used 58218K [0x0000000081a00000, 0x0000000100000000)
  region size 1024K, 4 young (4096K), 4 survivors (4096K)
 Metaspace       used 74610K, committed 75456K, reserved 1114112K
  class space    used 10396K, committed 10816K, reserved 1048576K
}
Event: 6693.030 GC heap before
{Heap before GC invocations=29 (full 0):
 garbage-first heap   total 120832K, used 59242K [0x0000000081a00000, 0x0000000100000000)
  region size 1024K, 5 young (5120K), 4 survivors (4096K)
 Metaspace       used 74610K, committed 75456K, reserved 1114112K
  class space    used 10396K, committed 10816K, reserved 1048576K
}
Event: 6693.040 GC heap after
{Heap after GC invocations=30 (full 0):
 garbage-first heap   total 120832K, used 59819K [0x0000000081a00000, 0x0000000100000000)
  region size 1024K, 3 young (3072K), 3 survivors (3072K)
 Metaspace       used 74610K, committed 75456K, reserved 1114112K
  class space    used 10396K, committed 10816K, reserved 1048576K
}

